2023-08-06 07:57:24.247398 - Initialized conversion of CBT850
2023-08-06 07:57:24.911028 - Received CBT.V505.FILE850.PDS from FILE850.XMI 
2023-08-06 07:57:24.913495 - Found $$$#DATE.txt (text/plain) in CBT.V505.FILE850.PDS, moved to PDS/$$$#DATE
2023-08-06 07:57:24.914445 - Found $$NOTE1.txt (text/plain) in CBT.V505.FILE850.PDS, moved to PDS/$$NOTE1
2023-08-06 07:57:24.915400 - Found $$NOTE2.txt (text/plain) in CBT.V505.FILE850.PDS, moved to PDS/$$NOTE2
2023-08-06 07:57:24.916315 - Found $$NOTE3.txt (text/plain) in CBT.V505.FILE850.PDS, moved to PDS/$$NOTE3
2023-08-06 07:57:24.917183 - Found $$NOTE4.txt (text/plain) in CBT.V505.FILE850.PDS, moved to PDS/$$NOTE4
2023-08-06 07:57:24.918137 - Found $$NOTE5.txt (text/plain) in CBT.V505.FILE850.PDS, moved to PDS/$$NOTE5
2023-08-06 07:57:24.919065 - Found $$NOTE6.txt (text/plain) in CBT.V505.FILE850.PDS, moved to PDS/$$NOTE6
2023-08-06 07:57:24.919905 - Found $$NOTE7.txt (text/plain) in CBT.V505.FILE850.PDS, moved to PDS/$$NOTE7
2023-08-06 07:57:24.920731 - Found $$NOTE8.txt (text/plain) in CBT.V505.FILE850.PDS, moved to PDS/$$NOTE8
2023-08-06 07:57:24.921643 - Found $$RKDOC@.txt (text/plain) in CBT.V505.FILE850.PDS, moved to PDS/$$RKDOC@
2023-08-06 07:57:24.922525 - Found $CREDITS.txt (text/plain) in CBT.V505.FILE850.PDS, moved to PDS/$CREDITS
2023-08-06 07:57:24.923391 - Found $RAKF12.jcl (text/plain) in CBT.V505.FILE850.PDS, moved to PDS/$RAKF12
2023-08-06 07:57:24.924226 - Found @FILE850.txt (text/plain) in CBT.V505.FILE850.PDS, moved to PDS/@FILE850
2023-08-06 07:57:24.924238 - Found AWSTAPE.bin containing application/octet-stream, moved to PDS/AWSTAPE
2023-08-06 07:57:24.926109 - Found CKIEBGE1.jcl (text/plain) in CBT.V505.FILE850.PDS, moved to PDS/CKIEBGE1
2023-08-06 07:57:24.926947 - Found ESG2RACF.jcl (text/plain) in CBT.V505.FILE850.PDS, moved to PDS/ESG2RACF
2023-08-06 07:57:24.927852 - Found F0.txt (text/plain) in CBT.V505.FILE850.PDS, moved to PDS/F0
2023-08-06 07:57:24.928736 - Found F1.txt (text/plain) in CBT.V505.FILE850.PDS, moved to PDS/F1
2023-08-06 07:57:24.929798 - Found F2.txt (text/plain) in CBT.V505.FILE850.PDS, moved to PDS/F2
2023-08-06 07:57:24.930748 - Found F3.txt (text/plain) in CBT.V505.FILE850.PDS, moved to PDS/F3
2023-08-06 07:57:24.931742 - Found F4.txt (text/plain) in CBT.V505.FILE850.PDS, moved to PDS/F4
2023-08-06 07:57:24.932637 - Found F5.txt (text/plain) in CBT.V505.FILE850.PDS, moved to PDS/F5
2023-08-06 07:57:24.933494 - Found F6.txt (text/plain) in CBT.V505.FILE850.PDS, moved to PDS/F6
2023-08-06 07:57:24.934376 - Found IEZCTGFL.txt (text/plain) in CBT.V505.FILE850.PDS, moved to PDS/IEZCTGFL
2023-08-06 07:57:24.942891 - Found LOADLIB.xmi (application/xmit) in CBT.V505.FILE850.PDS
2023-08-06 07:57:24.949266   - Received RECFM=U data, stored XMIT file as CBT850/LOADLIB.xmi
2023-08-06 07:57:24.950158 - Found LOADSL1.jcl (text/plain) in CBT.V505.FILE850.PDS, moved to PDS/LOADSL1
2023-08-06 07:57:24.951026 - Found PDSLOAD.jcl (text/plain) in CBT.V505.FILE850.PDS, moved to PDS/PDSLOAD
2023-08-06 07:57:24.951938 - Found RACIND.txt (text/plain) in CBT.V505.FILE850.PDS, moved to PDS/RACIND
2023-08-06 07:57:24.952826 - Found RAKFDOC.txt (text/plain) in CBT.V505.FILE850.PDS, moved to PDS/RAKFDOC
2023-08-06 07:57:24.954917 - De-xmi-ed RAKFDOC# to CBT850/docs/RAKFDOC#.pdf
2023-08-06 07:57:24.956626 - De-xmi-ed RAKFDOC@ to CBT850/docs/RAKFDOC@.docx
2023-08-06 07:57:24.957547 - Found RAKFRMV.jcl (text/plain) in CBT.V505.FILE850.PDS, moved to PDS/RAKFRMV
2023-08-06 07:57:24.958434 - Found RECEIVE.jcl (text/plain) in CBT.V505.FILE850.PDS, moved to PDS/RECEIVE
2023-08-06 07:57:24.959302 - Found RRKF001.txt (text/plain) in CBT.V505.FILE850.PDS, moved to PDS/RRKF001
2023-08-06 07:57:24.960159 - Found RRKF002.txt (text/plain) in CBT.V505.FILE850.PDS, moved to PDS/RRKF002
2023-08-06 07:57:24.995406 - Found RRKF002E.xmi (application/xmit) in CBT.V505.FILE850.PDS
2023-08-06 07:57:25.001708   - Received to CBT850/RRKF002.ELEMENTS
2023-08-06 07:57:25.002665 - Found RRKF002I.txt (text/plain) in CBT.V505.FILE850.PDS, moved to PDS/RRKF002I
2023-08-06 07:57:25.003612 - Found RRKF003.txt (text/plain) in CBT.V505.FILE850.PDS, moved to PDS/RRKF003
2023-08-06 07:57:25.004474 - Found RRKF004.txt (text/plain) in CBT.V505.FILE850.PDS, moved to PDS/RRKF004
2023-08-06 07:57:25.046493 - Found RRKF004E.xmi (application/xmit) in CBT.V505.FILE850.PDS
2023-08-06 07:57:25.050435   - Received to CBT850/RRKF004.DOCLIB
2023-08-06 07:57:25.051456 - Found RRKF004I.txt (text/plain) in CBT.V505.FILE850.PDS, moved to PDS/RRKF004I
2023-08-06 07:57:25.052426 - Found RRKF005.txt (text/plain) in CBT.V505.FILE850.PDS, moved to PDS/RRKF005
2023-08-06 07:57:25.082410 - Found RRKF005E.xmi (application/xmit) in CBT.V505.FILE850.PDS
2023-08-06 07:57:25.088233   - Received to CBT850/RRKF005.RACIND
2023-08-06 07:57:25.089295 - Found RRKF005I.txt (text/plain) in CBT.V505.FILE850.PDS, moved to PDS/RRKF005I
2023-08-06 07:57:25.090248 - Found RRKF006.txt (text/plain) in CBT.V505.FILE850.PDS, moved to PDS/RRKF006
2023-08-06 07:57:25.256631 - Found RRKF006E.xmi (application/xmit) in CBT.V505.FILE850.PDS
2023-08-06 07:57:25.270702   - Received to CBT850/RAKF.RRKF006E
2023-08-06 07:57:25.271653 - Found RRKF006I.txt (text/plain) in CBT.V505.FILE850.PDS, moved to PDS/RRKF006I
2023-08-06 07:57:25.272432 - Found TAPEMAP1.jcl (text/plain) in CBT.V505.FILE850.PDS, moved to PDS/TAPEMAP1
2023-08-06 07:57:25.411232 - Found VASM.xmi (application/xmit) in CBT.V505.FILE850.PDS
2023-08-06 07:57:25.424391   - Received to CBT850/V.ASM
2023-08-06 07:57:25.425358 - Found VTT2TAPE.jcl (text/plain) in CBT.V505.FILE850.PDS, moved to PDS/VTT2TAPE
